-------------------------------------------------------------------------------
Test set: com.mulesoft.training.HelloMavenTest
-------------------------------------------------------------------------------
Tests run: 2, Failures: 0, Errors: 1, Skipped: 0, Time elapsed: 6.533 sec <<< FAILURE! - in com.mulesoft.training.HelloMavenTest
retrieveFlightsAddsAppropriateHeader(com.mulesoft.training.HelloMavenTest)  Time elapsed: 0.948 sec  <<< ERROR!
java.lang.NullPointerException
	at com.mulesoft.training.HelloMavenTest.retrieveFlightsAddsAppropriateHeader(HelloMavenTest.java:18)

